<?xml version="1.0" encoding="UTF-8"?><testsuite errors="6" failures="0" name="Testing different request on the bestbuy application" skipped="0" tests="6" time="0.5" timestamp="2023-01-08T21:36:04.317Z[Europe/London]"><testcase name="Check if the product listing can be accessed by users"><error type="java.lang.NullPointerException"/><system-err>null&#13;
com.bestbuy.cucumber.steps.MyProductSteps.userSendsAGETRequestToListEndpoint(MyProductSteps.java:26)&#13;
✽.When User sends a GET request to list endpoint(product.feature:4)&#13;
</system-err></testcase><testcase name="Create a product &amp; verify if the product is added"><error type="java.lang.NullPointerException"/><system-err>null&#13;
com.bestbuy.cucumber.steps.MyProductSteps.iCreateANewProductByProvidingTheInformationNameTypePriceShippingUpcDescriptionManufacturerModelUrlImage(MyProductSteps.java:37)&#13;
✽.When I create a new product by providing the information name "Duracell - AAA Batteries (4-Pack)" type "HardGood" price "5.49" shipping "0" upc "041333424019" description "4-pack" manufacturer "Duracell" model "MN2400B4Z" url "http://www.bestbuy.com/site/duracell-aaa-batteries-4-pack/43900.p?id=1051384074145&amp;skuId=43900&amp;cmp=RMXCC" image "http://img.bbystatic.com/BestBuy_US/images/products/4390/43900_sa.jpg"(product.feature:8)&#13;
</system-err></testcase><testcase name="Check if the store listing can be accessed by users"><error type="java.lang.NullPointerException"/><system-err>null&#13;
com.bestbuy.cucumber.steps.MyStoreSteps.userSendsAGETRequestToListEndpointForStore(MyStoreSteps.java:21)&#13;
✽.When User sends a GET request to list endpoint for store(store.feature:4)&#13;
</system-err></testcase><testcase name="Create a store listing &amp; verify if the store is added"><error message="Arity mismatch: Step Definition 'com.bestbuy.cucumber.steps.MyStoreSteps.iCreateANewStoreByProvidingTheInformationNameTypeAddressAddressCityStateZipLatLngHours(String,String,String,String,String,String,String,double,double,String) in file:/C:/Users/user/IdeaProjects/week-19-serenity-bestbuy-project/target/test-classes/' with pattern [^I create a new store by providing the information name &quot;([^&quot;]*)&quot; type &quot;([^&quot;]*)&quot; address &quot;([^&quot;]*)&quot; address(\d+) &quot;([^&quot;]*)&quot; city &quot;([^&quot;]*)&quot; state &quot;([^&quot;]*)&quot; zip &quot;([^&quot;]*)&quot; lat &quot;([^&quot;]*)&quot; lng &quot;([^&quot;]*)&quot; hours &quot;([^&quot;]*)&quot;$] is declared with 10 parameters. However, the gherkin step has 11 arguments [Minnetonka, BigBox, 13213 Ridgedale Road, 2, 12, New York, DC, 553056, 44.969658, -93.449539, Mon: 10-9; Tue: 10-9; Wed: 10-9; Thurs: 10-9; Fri: 10-9; Sat: 10-9]. &#10;Step: When I create a new store by providing the information name &quot;Minnetonka&quot; type &quot;BigBox&quot; address &quot;13213 Ridgedale Road&quot; address2 &quot;12&quot; city &quot;New York&quot; state &quot;DC&quot; zip &quot;553056&quot; lat &quot;44.969658&quot; lng &quot;-93.449539&quot; hours &quot;Mon: 10-9; Tue: 10-9; Wed: 10-9; Thurs: 10-9; Fri: 10-9; Sat: 10-9&quot;" type="cucumber.runtime.CucumberException">Arity mismatch: Step Definition 'com.bestbuy.cucumber.steps.MyStoreSteps.iCreateANewStoreByProvidingTheInformationNameTypeAddressAddressCityStateZipLatLngHours(String,String,String,String,String,String,String,double,double,String) in file:/C:/Users/user/IdeaProjects/week-19-serenity-bestbuy-project/target/test-classes/' with pattern [^I create a new store by providing the information name "([^"]*)" type "([^"]*)" address "([^"]*)" address(\d+) "([^"]*)" city "([^"]*)" state "([^"]*)" zip "([^"]*)" lat "([^"]*)" lng "([^"]*)" hours "([^"]*)"$] is declared with 10 parameters. However, the gherkin step has 11 arguments [Minnetonka, BigBox, 13213 Ridgedale Road, 2, 12, New York, DC, 553056, 44.969658, -93.449539, Mon: 10-9; Tue: 10-9; Wed: 10-9; Thurs: 10-9; Fri: 10-9; Sat: 10-9]. 
Step: When I create a new store by providing the information name "Minnetonka" type "BigBox" address "13213 Ridgedale Road" address2 "12" city "New York" state "DC" zip "553056" lat "44.969658" lng "-93.449539" hours "Mon: 10-9; Tue: 10-9; Wed: 10-9; Thurs: 10-9; Fri: 10-9; Sat: 10-9"</error><system-err>Arity mismatch: Step Definition 'com.bestbuy.cucumber.steps.MyStoreSteps.iCreateANewStoreByProvidingTheInformationNameTypeAddressAddressCityStateZipLatLngHours(String,String,String,String,String,String,String,double,double,String) in file:/C:/Users/user/IdeaProjects/week-19-serenity-bestbuy-project/target/test-classes/' with pattern [^I create a new store by providing the information name "([^"]*)" type "([^"]*)" address "([^"]*)" address(\d+) "([^"]*)" city "([^"]*)" state "([^"]*)" zip "([^"]*)" lat "([^"]*)" lng "([^"]*)" hours "([^"]*)"$] is declared with 10 parameters. However, the gherkin step has 11 arguments [Minnetonka, BigBox, 13213 Ridgedale Road, 2, 12, New York, DC, 553056, 44.969658, -93.449539, Mon: 10-9; Tue: 10-9; Wed: 10-9; Thurs: 10-9; Fri: 10-9; Sat: 10-9]. 
Step: When I create a new store by providing the information name "Minnetonka" type "BigBox" address "13213 Ridgedale Road" address2 "12" city "New York" state "DC" zip "553056" lat "44.969658" lng "-93.449539" hours "Mon: 10-9; Tue: 10-9; Wed: 10-9; Thurs: 10-9; Fri: 10-9; Sat: 10-9"&#13;
</system-err></testcase></testsuite>